{"/Users/adamblomberg/xbox-fec/src/app.jsx": {"path":"/Users/adamblomberg/xbox-fec/src/app.jsx","statementMap":{"0":{"start":{"line":7,"column":12},"end":{"line":17,"column":1}},"1":{"start":{"line":8,"column":2},"end":{"line":16,"column":3}}},"fnMap":{"0":{"name":"(anonymous_0)","decl":{"start":{"line":7,"column":12},"end":{"line":7,"column":13}},"loc":{"start":{"line":7,"column":18},"end":{"line":17,"column":1}},"line":7}},"branchMap":{},"s":{"0":1,"1":1},"f":{"0":1},"b":{},"_coverageSchema":"1a1c01bbd47fc00a2c39e90264f33305004495a9","hash":"03fe427677d22ce00c42d47237009064100485d0"}
,"/Users/adamblomberg/xbox-fec/src/ProductDetail/ProductDetail.jsx": {"path":"/Users/adamblomberg/xbox-fec/src/ProductDetail/ProductDetail.jsx","statementMap":{"0":{"start":{"line":4,"column":22},"end":{"line":10,"column":1}},"1":{"start":{"line":5,"column":2},"end":{"line":9,"column":3}}},"fnMap":{"0":{"name":"(anonymous_0)","decl":{"start":{"line":4,"column":22},"end":{"line":4,"column":23}},"loc":{"start":{"line":4,"column":33},"end":{"line":10,"column":1}},"line":4}},"branchMap":{},"s":{"0":1,"1":0},"f":{"0":0},"b":{},"_coverageSchema":"1a1c01bbd47fc00a2c39e90264f33305004495a9","hash":"563e46bcc9f7fcb7942b3b0f8ceb9ba0cdeacf5e"}
,"/Users/adamblomberg/xbox-fec/src/ProductDetail/components/Slideshow.jsx": {"path":"/Users/adamblomberg/xbox-fec/src/ProductDetail/components/Slideshow.jsx","statementMap":{"0":{"start":{"line":2,"column":14},"end":{"line":2,"column":30}},"1":{"start":{"line":4,"column":18},"end":{"line":66,"column":1}},"2":{"start":{"line":5,"column":36},"end":{"line":5,"column":48}},"3":{"start":{"line":6,"column":28},"end":{"line":6,"column":39}},"4":{"start":{"line":7,"column":40},"end":{"line":7,"column":51}},"5":{"start":{"line":8,"column":37},"end":{"line":8,"column":52}},"6":{"start":{"line":10,"column":19},"end":{"line":10,"column":42}},"7":{"start":{"line":11,"column":21},"end":{"line":11,"column":22}},"8":{"start":{"line":12,"column":20},"end":{"line":12,"column":21}},"9":{"start":{"line":14,"column":2},"end":{"line":24,"column":34}},"10":{"start":{"line":15,"column":4},"end":{"line":23,"column":35}},"11":{"start":{"line":17,"column":6},"end":{"line":17,"column":35}},"12":{"start":{"line":20,"column":6},"end":{"line":20,"column":25}},"13":{"start":{"line":22,"column":16},"end":{"line":22,"column":51}},"14":{"start":{"line":23,"column":18},"end":{"line":23,"column":34}},"15":{"start":{"line":26,"column":2},"end":{"line":65,"column":3}},"16":{"start":{"line":32,"column":14},"end":{"line":37,"column":16}},"17":{"start":{"line":36,"column":34},"end":{"line":36,"column":79}},"18":{"start":{"line":41,"column":29},"end":{"line":41,"column":67}},"19":{"start":{"line":41,"column":46},"end":{"line":41,"column":65}},"20":{"start":{"line":49,"column":29},"end":{"line":49,"column":106}},"21":{"start":{"line":49,"column":85},"end":{"line":49,"column":104}},"22":{"start":{"line":57,"column":12},"end":{"line":60,"column":14}},"23":{"start":{"line":59,"column":32},"end":{"line":59,"column":96}}},"fnMap":{"0":{"name":"(anonymous_0)","decl":{"start":{"line":4,"column":18},"end":{"line":4,"column":19}},"loc":{"start":{"line":4,"column":29},"end":{"line":66,"column":1}},"line":4},"1":{"name":"(anonymous_1)","decl":{"start":{"line":14,"column":12},"end":{"line":14,"column":13}},"loc":{"start":{"line":14,"column":18},"end":{"line":24,"column":3}},"line":14},"2":{"name":"(anonymous_2)","decl":{"start":{"line":16,"column":10},"end":{"line":16,"column":11}},"loc":{"start":{"line":16,"column":22},"end":{"line":18,"column":5}},"line":16},"3":{"name":"(anonymous_3)","decl":{"start":{"line":19,"column":10},"end":{"line":19,"column":11}},"loc":{"start":{"line":19,"column":18},"end":{"line":21,"column":5}},"line":19},"4":{"name":"(anonymous_4)","decl":{"start":{"line":22,"column":10},"end":{"line":22,"column":11}},"loc":{"start":{"line":22,"column":16},"end":{"line":22,"column":51}},"line":22},"5":{"name":"(anonymous_5)","decl":{"start":{"line":23,"column":11},"end":{"line":23,"column":12}},"loc":{"start":{"line":23,"column":18},"end":{"line":23,"column":34}},"line":23},"6":{"name":"(anonymous_6)","decl":{"start":{"line":31,"column":47},"end":{"line":31,"column":48}},"loc":{"start":{"line":32,"column":14},"end":{"line":37,"column":16}},"line":32},"7":{"name":"(anonymous_7)","decl":{"start":{"line":36,"column":25},"end":{"line":36,"column":26}},"loc":{"start":{"line":36,"column":32},"end":{"line":36,"column":81}},"line":36},"8":{"name":"(anonymous_8)","decl":{"start":{"line":41,"column":21},"end":{"line":41,"column":22}},"loc":{"start":{"line":41,"column":27},"end":{"line":41,"column":69}},"line":41},"9":{"name":"(anonymous_9)","decl":{"start":{"line":49,"column":21},"end":{"line":49,"column":22}},"loc":{"start":{"line":49,"column":27},"end":{"line":49,"column":108}},"line":49},"10":{"name":"(anonymous_10)","decl":{"start":{"line":56,"column":25},"end":{"line":56,"column":26}},"loc":{"start":{"line":57,"column":12},"end":{"line":60,"column":14}},"line":57},"11":{"name":"(anonymous_11)","decl":{"start":{"line":59,"column":23},"end":{"line":59,"column":24}},"loc":{"start":{"line":59,"column":30},"end":{"line":59,"column":98}},"line":59}},"branchMap":{"0":{"loc":{"start":{"line":28,"column":7},"end":{"line":51,"column":14}},"type":"cond-expr","locations":[{"start":{"line":28,"column":23},"end":{"line":28,"column":60}},{"start":{"line":29,"column":8},"end":{"line":51,"column":14}}],"line":28},"1":{"loc":{"start":{"line":41,"column":29},"end":{"line":41,"column":67}},"type":"if","locations":[{"start":{"line":41,"column":29},"end":{"line":41,"column":67}},{"start":{},"end":{}}],"line":41},"2":{"loc":{"start":{"line":49,"column":29},"end":{"line":49,"column":106}},"type":"if","locations":[{"start":{"line":49,"column":29},"end":{"line":49,"column":106}},{"start":{},"end":{}}],"line":49},"3":{"loc":{"start":{"line":53,"column":7},"end":{"line":62,"column":14}},"type":"cond-expr","locations":[{"start":{"line":53,"column":23},"end":{"line":53,"column":57}},{"start":{"line":54,"column":8},"end":{"line":62,"column":14}}],"line":53}},"s":{"0":1,"1":1,"2":0,"3":0,"4":0,"5":0,"6":0,"7":0,"8":0,"9":0,"10":0,"11":0,"12":0,"13":0,"14":0,"15":0,"16":0,"17":0,"18":0,"19":0,"20":0,"21":0,"22":0,"23":0},"f":{"0":0,"1":0,"2":0,"3":0,"4":0,"5":0,"6":0,"7":0,"8":0,"9":0,"10":0,"11":0},"b":{"0":[0,0],"1":[0,0],"2":[0,0],"3":[0,0]},"_coverageSchema":"1a1c01bbd47fc00a2c39e90264f33305004495a9","hash":"482020b1e0b5555e2d6fc99bb9a4f8552f3a11f7"}
,"/Users/adamblomberg/xbox-fec/src/Q&A/CurrentAnswer.jsx": {"path":"/Users/adamblomberg/xbox-fec/src/Q&A/CurrentAnswer.jsx","statementMap":{"0":{"start":{"line":2,"column":14},"end":{"line":2,"column":30}},"1":{"start":{"line":5,"column":22},"end":{"line":12,"column":1}},"2":{"start":{"line":6,"column":2},"end":{"line":11,"column":3}}},"fnMap":{"0":{"name":"(anonymous_0)","decl":{"start":{"line":5,"column":22},"end":{"line":5,"column":23}},"loc":{"start":{"line":5,"column":33},"end":{"line":12,"column":1}},"line":5}},"branchMap":{},"s":{"0":1,"1":1,"2":0},"f":{"0":0},"b":{},"_coverageSchema":"1a1c01bbd47fc00a2c39e90264f33305004495a9","hash":"2daf6be36891884a7fc33e83cdffa41dc3cd5fcc"}
,"/Users/adamblomberg/xbox-fec/src/Q&A/CurrentQuestion.jsx": {"path":"/Users/adamblomberg/xbox-fec/src/Q&A/CurrentQuestion.jsx","statementMap":{"0":{"start":{"line":3,"column":14},"end":{"line":3,"column":30}},"1":{"start":{"line":5,"column":24},"end":{"line":63,"column":1}},"2":{"start":{"line":6,"column":38},"end":{"line":6,"column":74}},"3":{"start":{"line":7,"column":26},"end":{"line":7,"column":37}},"4":{"start":{"line":8,"column":56},"end":{"line":8,"column":68}},"5":{"start":{"line":9,"column":40},"end":{"line":9,"column":52}},"6":{"start":{"line":11,"column":12},"end":{"line":11,"column":35}},"7":{"start":{"line":13,"column":2},"end":{"line":32,"column":8}},"8":{"start":{"line":14,"column":4},"end":{"line":31,"column":8}},"9":{"start":{"line":16,"column":25},"end":{"line":16,"column":27}},"10":{"start":{"line":17,"column":21},"end":{"line":17,"column":23}},"11":{"start":{"line":18,"column":8},"end":{"line":24,"column":10}},"12":{"start":{"line":19,"column":10},"end":{"line":23,"column":11}},"13":{"start":{"line":20,"column":12},"end":{"line":20,"column":30}},"14":{"start":{"line":22,"column":12},"end":{"line":22,"column":26}},"15":{"start":{"line":25,"column":8},"end":{"line":25,"column":40}},"16":{"start":{"line":26,"column":8},"end":{"line":26,"column":28}},"17":{"start":{"line":27,"column":8},"end":{"line":27,"column":18}},"18":{"start":{"line":30,"column":8},"end":{"line":30,"column":24}},"19":{"start":{"line":34,"column":28},"end":{"line":41,"column":3}},"20":{"start":{"line":35,"column":4},"end":{"line":35,"column":70}},"21":{"start":{"line":36,"column":4},"end":{"line":40,"column":8}},"22":{"start":{"line":38,"column":8},"end":{"line":38,"column":45}},"23":{"start":{"line":39,"column":8},"end":{"line":39,"column":25}},"24":{"start":{"line":43,"column":2},"end":{"line":62,"column":3}},"25":{"start":{"line":56,"column":12},"end":{"line":56,"column":74}}},"fnMap":{"0":{"name":"(anonymous_0)","decl":{"start":{"line":5,"column":24},"end":{"line":5,"column":25}},"loc":{"start":{"line":5,"column":35},"end":{"line":63,"column":1}},"line":5},"1":{"name":"(anonymous_1)","decl":{"start":{"line":13,"column":12},"end":{"line":13,"column":13}},"loc":{"start":{"line":13,"column":18},"end":{"line":32,"column":3}},"line":13},"2":{"name":"(anonymous_2)","decl":{"start":{"line":15,"column":12},"end":{"line":15,"column":13}},"loc":{"start":{"line":15,"column":24},"end":{"line":28,"column":7}},"line":15},"3":{"name":"(anonymous_3)","decl":{"start":{"line":18,"column":38},"end":{"line":18,"column":39}},"loc":{"start":{"line":18,"column":53},"end":{"line":24,"column":9}},"line":18},"4":{"name":"(anonymous_4)","decl":{"start":{"line":29,"column":13},"end":{"line":29,"column":14}},"loc":{"start":{"line":29,"column":20},"end":{"line":31,"column":7}},"line":29},"5":{"name":"(anonymous_5)","decl":{"start":{"line":34,"column":28},"end":{"line":34,"column":29}},"loc":{"start":{"line":34,"column":34},"end":{"line":41,"column":3}},"line":34},"6":{"name":"(anonymous_6)","decl":{"start":{"line":37,"column":12},"end":{"line":37,"column":13}},"loc":{"start":{"line":37,"column":24},"end":{"line":40,"column":7}},"line":37},"7":{"name":"(anonymous_7)","decl":{"start":{"line":55,"column":35},"end":{"line":55,"column":36}},"loc":{"start":{"line":55,"column":47},"end":{"line":57,"column":11}},"line":55}},"branchMap":{"0":{"loc":{"start":{"line":19,"column":10},"end":{"line":23,"column":11}},"type":"if","locations":[{"start":{"line":19,"column":10},"end":{"line":23,"column":11}},{"start":{"line":21,"column":17},"end":{"line":23,"column":11}}],"line":19},"1":{"loc":{"start":{"line":58,"column":11},"end":{"line":58,"column":129}},"type":"binary-expr","locations":[{"start":{"line":58,"column":11},"end":{"line":58,"column":33}},{"start":{"line":58,"column":37},"end":{"line":58,"column":129}}],"line":58}},"s":{"0":1,"1":1,"2":0,"3":0,"4":0,"5":0,"6":0,"7":0,"8":0,"9":0,"10":0,"11":0,"12":0,"13":0,"14":0,"15":0,"16":0,"17":0,"18":0,"19":0,"20":0,"21":0,"22":0,"23":0,"24":0,"25":0},"f":{"0":0,"1":0,"2":0,"3":0,"4":0,"5":0,"6":0,"7":0},"b":{"0":[0,0],"1":[0,0]},"_coverageSchema":"1a1c01bbd47fc00a2c39e90264f33305004495a9","hash":"0d4476490ac83d630ac4afeb1c42486d3b42d1cc"}
,"/Users/adamblomberg/xbox-fec/src/Q&A/QuestionsList.jsx": {"path":"/Users/adamblomberg/xbox-fec/src/Q&A/QuestionsList.jsx","statementMap":{"0":{"start":{"line":4,"column":14},"end":{"line":4,"column":30}},"1":{"start":{"line":6,"column":22},"end":{"line":55,"column":1}},"2":{"start":{"line":7,"column":22},"end":{"line":7,"column":37}},"3":{"start":{"line":8,"column":26},"end":{"line":8,"column":37}},"4":{"start":{"line":9,"column":60},"end":{"line":9,"column":72}},"5":{"start":{"line":10,"column":44},"end":{"line":10,"column":56}},"6":{"start":{"line":12,"column":12},"end":{"line":12,"column":35}},"7":{"start":{"line":14,"column":2},"end":{"line":33,"column":8}},"8":{"start":{"line":15,"column":4},"end":{"line":32,"column":8}},"9":{"start":{"line":17,"column":26},"end":{"line":17,"column":28}},"10":{"start":{"line":18,"column":21},"end":{"line":18,"column":23}},"11":{"start":{"line":19,"column":8},"end":{"line":25,"column":10}},"12":{"start":{"line":20,"column":10},"end":{"line":24,"column":11}},"13":{"start":{"line":21,"column":12},"end":{"line":21,"column":31}},"14":{"start":{"line":23,"column":12},"end":{"line":23,"column":26}},"15":{"start":{"line":26,"column":8},"end":{"line":26,"column":43}},"16":{"start":{"line":27,"column":8},"end":{"line":27,"column":30}},"17":{"start":{"line":28,"column":8},"end":{"line":28,"column":18}},"18":{"start":{"line":31,"column":8},"end":{"line":31,"column":24}},"19":{"start":{"line":35,"column":30},"end":{"line":42,"column":3}},"20":{"start":{"line":36,"column":4},"end":{"line":36,"column":76}},"21":{"start":{"line":37,"column":4},"end":{"line":41,"column":8}},"22":{"start":{"line":39,"column":8},"end":{"line":39,"column":47}},"23":{"start":{"line":40,"column":8},"end":{"line":40,"column":25}},"24":{"start":{"line":44,"column":2},"end":{"line":54,"column":3}},"25":{"start":{"line":49,"column":8},"end":{"line":49,"column":80}}},"fnMap":{"0":{"name":"(anonymous_0)","decl":{"start":{"line":6,"column":22},"end":{"line":6,"column":23}},"loc":{"start":{"line":6,"column":33},"end":{"line":55,"column":1}},"line":6},"1":{"name":"(anonymous_1)","decl":{"start":{"line":14,"column":12},"end":{"line":14,"column":13}},"loc":{"start":{"line":14,"column":18},"end":{"line":33,"column":3}},"line":14},"2":{"name":"(anonymous_2)","decl":{"start":{"line":16,"column":12},"end":{"line":16,"column":13}},"loc":{"start":{"line":16,"column":24},"end":{"line":29,"column":7}},"line":16},"3":{"name":"(anonymous_3)","decl":{"start":{"line":19,"column":38},"end":{"line":19,"column":39}},"loc":{"start":{"line":19,"column":53},"end":{"line":25,"column":9}},"line":19},"4":{"name":"(anonymous_4)","decl":{"start":{"line":30,"column":13},"end":{"line":30,"column":14}},"loc":{"start":{"line":30,"column":20},"end":{"line":32,"column":7}},"line":30},"5":{"name":"(anonymous_5)","decl":{"start":{"line":35,"column":30},"end":{"line":35,"column":31}},"loc":{"start":{"line":35,"column":36},"end":{"line":42,"column":3}},"line":35},"6":{"name":"(anonymous_6)","decl":{"start":{"line":38,"column":12},"end":{"line":38,"column":13}},"loc":{"start":{"line":38,"column":24},"end":{"line":41,"column":7}},"line":38},"7":{"name":"(anonymous_7)","decl":{"start":{"line":48,"column":33},"end":{"line":48,"column":34}},"loc":{"start":{"line":48,"column":47},"end":{"line":50,"column":7}},"line":48}},"branchMap":{"0":{"loc":{"start":{"line":20,"column":10},"end":{"line":24,"column":11}},"type":"if","locations":[{"start":{"line":20,"column":10},"end":{"line":24,"column":11}},{"start":{"line":22,"column":17},"end":{"line":24,"column":11}}],"line":20},"1":{"loc":{"start":{"line":51,"column":7},"end":{"line":51,"column":133}},"type":"binary-expr","locations":[{"start":{"line":51,"column":7},"end":{"line":51,"column":31}},{"start":{"line":51,"column":35},"end":{"line":51,"column":133}}],"line":51}},"s":{"0":1,"1":1,"2":0,"3":0,"4":0,"5":0,"6":0,"7":0,"8":0,"9":0,"10":0,"11":0,"12":0,"13":0,"14":0,"15":0,"16":0,"17":0,"18":0,"19":0,"20":0,"21":0,"22":0,"23":0,"24":0,"25":0},"f":{"0":0,"1":0,"2":0,"3":0,"4":0,"5":0,"6":0,"7":0},"b":{"0":[0,0],"1":[0,0]},"_coverageSchema":"1a1c01bbd47fc00a2c39e90264f33305004495a9","hash":"c16808dc729c948a64e82b7c9ca211776dfcfcd8"}
,"/Users/adamblomberg/xbox-fec/src/Q&A/SearchQuestions.jsx": {"path":"/Users/adamblomberg/xbox-fec/src/Q&A/SearchQuestions.jsx","statementMap":{"0":{"start":{"line":3,"column":24},"end":{"line":9,"column":1}},"1":{"start":{"line":4,"column":2},"end":{"line":8,"column":3}}},"fnMap":{"0":{"name":"(anonymous_0)","decl":{"start":{"line":3,"column":24},"end":{"line":3,"column":25}},"loc":{"start":{"line":3,"column":35},"end":{"line":9,"column":1}},"line":3}},"branchMap":{},"s":{"0":1,"1":0},"f":{"0":0},"b":{},"_coverageSchema":"1a1c01bbd47fc00a2c39e90264f33305004495a9","hash":"5a8be2abbc80cb9cb840065636405afa9fbbd581"}
,"/Users/adamblomberg/xbox-fec/src/RatingsAndReviews/BarGraph.jsx": {"path":"/Users/adamblomberg/xbox-fec/src/RatingsAndReviews/BarGraph.jsx","statementMap":{"0":{"start":{"line":3,"column":20},"end":{"line":32,"column":1}},"1":{"start":{"line":5,"column":20},"end":{"line":12,"column":5}},"2":{"start":{"line":13,"column":21},"end":{"line":19,"column":5}},"3":{"start":{"line":20,"column":25},"end":{"line":24,"column":5}},"4":{"start":{"line":25,"column":2},"end":{"line":31,"column":3}}},"fnMap":{"0":{"name":"(anonymous_0)","decl":{"start":{"line":3,"column":20},"end":{"line":3,"column":21}},"loc":{"start":{"line":3,"column":44},"end":{"line":32,"column":1}},"line":3}},"branchMap":{},"s":{"0":1,"1":0,"2":0,"3":0,"4":0},"f":{"0":0},"b":{},"_coverageSchema":"1a1c01bbd47fc00a2c39e90264f33305004495a9","hash":"98c3d90e48bc715a6c30c778c9b79b5e47e55e5c"}
,"/Users/adamblomberg/xbox-fec/src/RatingsAndReviews/DropDownMenu.jsx": {"path":"/Users/adamblomberg/xbox-fec/src/RatingsAndReviews/DropDownMenu.jsx","statementMap":{"0":{"start":{"line":4,"column":21},"end":{"line":22,"column":1}},"1":{"start":{"line":5,"column":30},"end":{"line":5,"column":50}},"2":{"start":{"line":6,"column":2},"end":{"line":21,"column":4}},"3":{"start":{"line":10,"column":37},"end":{"line":10,"column":51}},"4":{"start":{"line":11,"column":10},"end":{"line":11,"column":40}},"5":{"start":{"line":18,"column":8},"end":{"line":18,"column":30}}},"fnMap":{"0":{"name":"(anonymous_0)","decl":{"start":{"line":4,"column":21},"end":{"line":4,"column":22}},"loc":{"start":{"line":4,"column":49},"end":{"line":22,"column":1}},"line":4},"1":{"name":"(anonymous_1)","decl":{"start":{"line":9,"column":18},"end":{"line":9,"column":19}},"loc":{"start":{"line":9,"column":25},"end":{"line":12,"column":9}},"line":9},"2":{"name":"(anonymous_2)","decl":{"start":{"line":17,"column":17},"end":{"line":17,"column":18}},"loc":{"start":{"line":17,"column":22},"end":{"line":19,"column":7}},"line":17}},"branchMap":{},"s":{"0":1,"1":1,"2":1,"3":0,"4":0,"5":1},"f":{"0":1,"1":0,"2":1},"b":{},"_coverageSchema":"1a1c01bbd47fc00a2c39e90264f33305004495a9","hash":"5ff41ed44175d1fd6a475d29cc620595cb290934"}
,"/Users/adamblomberg/xbox-fec/src/RatingsAndReviews/Ratings.jsx": {"path":"/Users/adamblomberg/xbox-fec/src/RatingsAndReviews/Ratings.jsx","statementMap":{"0":{"start":{"line":5,"column":14},"end":{"line":5,"column":30}},"1":{"start":{"line":8,"column":22},"end":{"line":11,"column":1}},"2":{"start":{"line":9,"column":13},"end":{"line":9,"column":114}},"3":{"start":{"line":10,"column":2},"end":{"line":10,"column":24}},"4":{"start":{"line":16,"column":16},"end":{"line":72,"column":1}},"5":{"start":{"line":18,"column":16},"end":{"line":18,"column":101}},"6":{"start":{"line":20,"column":13},"end":{"line":20,"column":32}},"7":{"start":{"line":22,"column":21},"end":{"line":22,"column":133}},"8":{"start":{"line":23,"column":16},"end":{"line":23,"column":36}},"9":{"start":{"line":24,"column":16},"end":{"line":24,"column":36}},"10":{"start":{"line":25,"column":18},"end":{"line":25,"column":38}},"11":{"start":{"line":26,"column":17},"end":{"line":26,"column":37}},"12":{"start":{"line":27,"column":17},"end":{"line":27,"column":37}},"13":{"start":{"line":28,"column":20},"end":{"line":28,"column":69}},"14":{"start":{"line":29,"column":20},"end":{"line":29,"column":44}},"15":{"start":{"line":33,"column":2},"end":{"line":71,"column":3}}},"fnMap":{"0":{"name":"(anonymous_0)","decl":{"start":{"line":8,"column":22},"end":{"line":8,"column":23}},"loc":{"start":{"line":8,"column":47},"end":{"line":11,"column":1}},"line":8},"1":{"name":"(anonymous_1)","decl":{"start":{"line":16,"column":16},"end":{"line":16,"column":17}},"loc":{"start":{"line":16,"column":33},"end":{"line":72,"column":1}},"line":16}},"branchMap":{"0":{"loc":{"start":{"line":35,"column":7},"end":{"line":68,"column":14}},"type":"cond-expr","locations":[{"start":{"line":35,"column":16},"end":{"line":35,"column":27}},{"start":{"line":36,"column":8},"end":{"line":68,"column":14}}],"line":35}},"s":{"0":1,"1":1,"2":1,"3":1,"4":1,"5":1,"6":1,"7":1,"8":1,"9":1,"10":1,"11":1,"12":1,"13":1,"14":1,"15":1},"f":{"0":1,"1":1},"b":{"0":[1,0]},"_coverageSchema":"1a1c01bbd47fc00a2c39e90264f33305004495a9","hash":"7cda95d507c2218fda8823feda2ddddab979f311"}
,"/Users/adamblomberg/xbox-fec/src/RatingsAndReviews/RatingsAndReviews.jsx": {"path":"/Users/adamblomberg/xbox-fec/src/RatingsAndReviews/RatingsAndReviews.jsx","statementMap":{"0":{"start":{"line":6,"column":14},"end":{"line":6,"column":30}},"1":{"start":{"line":10,"column":26},"end":{"line":43,"column":1}},"2":{"start":{"line":12,"column":32},"end":{"line":12,"column":44}},"3":{"start":{"line":13,"column":19},"end":{"line":13,"column":42}},"4":{"start":{"line":15,"column":2},"end":{"line":32,"column":31}},"5":{"start":{"line":17,"column":4},"end":{"line":31,"column":37}},"6":{"start":{"line":26,"column":8},"end":{"line":26,"column":37}},"7":{"start":{"line":29,"column":8},"end":{"line":29,"column":25}},"8":{"start":{"line":31,"column":20},"end":{"line":31,"column":36}},"9":{"start":{"line":34,"column":2},"end":{"line":42,"column":3}}},"fnMap":{"0":{"name":"(anonymous_0)","decl":{"start":{"line":10,"column":26},"end":{"line":10,"column":27}},"loc":{"start":{"line":10,"column":37},"end":{"line":43,"column":1}},"line":10},"1":{"name":"(anonymous_1)","decl":{"start":{"line":15,"column":12},"end":{"line":15,"column":13}},"loc":{"start":{"line":15,"column":18},"end":{"line":32,"column":3}},"line":15},"2":{"name":"(anonymous_2)","decl":{"start":{"line":23,"column":12},"end":{"line":23,"column":13}},"loc":{"start":{"line":23,"column":24},"end":{"line":27,"column":7}},"line":23},"3":{"name":"(anonymous_3)","decl":{"start":{"line":28,"column":12},"end":{"line":28,"column":13}},"loc":{"start":{"line":28,"column":20},"end":{"line":30,"column":7}},"line":28},"4":{"name":"(anonymous_4)","decl":{"start":{"line":31,"column":13},"end":{"line":31,"column":14}},"loc":{"start":{"line":31,"column":20},"end":{"line":31,"column":36}},"line":31}},"branchMap":{},"s":{"0":1,"1":1,"2":1,"3":1,"4":1,"5":1,"6":0,"7":0,"8":0,"9":1},"f":{"0":1,"1":1,"2":0,"3":0,"4":0},"b":{},"_coverageSchema":"1a1c01bbd47fc00a2c39e90264f33305004495a9","hash":"c922afe7d6b32cc6c8442e1fe8ba1b6dab3dc716"}
,"/Users/adamblomberg/xbox-fec/src/RatingsAndReviews/Review.jsx": {"path":"/Users/adamblomberg/xbox-fec/src/RatingsAndReviews/Review.jsx","statementMap":{"0":{"start":{"line":6,"column":18},"end":{"line":12,"column":1}},"1":{"start":{"line":7,"column":15},"end":{"line":7,"column":32}},"2":{"start":{"line":8,"column":14},"end":{"line":9,"column":88}},"3":{"start":{"line":10,"column":12},"end":{"line":10,"column":30}},"4":{"start":{"line":11,"column":2},"end":{"line":11,"column":57}},"5":{"start":{"line":14,"column":15},"end":{"line":44,"column":1}},"6":{"start":{"line":15,"column":2},"end":{"line":43,"column":3}},"7":{"start":{"line":32,"column":50},"end":{"line":32,"column":118}}},"fnMap":{"0":{"name":"(anonymous_0)","decl":{"start":{"line":6,"column":18},"end":{"line":6,"column":19}},"loc":{"start":{"line":6,"column":37},"end":{"line":12,"column":1}},"line":6},"1":{"name":"(anonymous_1)","decl":{"start":{"line":14,"column":15},"end":{"line":14,"column":16}},"loc":{"start":{"line":14,"column":33},"end":{"line":44,"column":1}},"line":14},"2":{"name":"(anonymous_2)","decl":{"start":{"line":32,"column":35},"end":{"line":32,"column":36}},"loc":{"start":{"line":32,"column":50},"end":{"line":32,"column":118}},"line":32}},"branchMap":{"0":{"loc":{"start":{"line":17,"column":7},"end":{"line":40,"column":14}},"type":"cond-expr","locations":[{"start":{"line":17,"column":21},"end":{"line":17,"column":32}},{"start":{"line":18,"column":8},"end":{"line":40,"column":14}}],"line":17}},"s":{"0":1,"1":0,"2":0,"3":0,"4":0,"5":1,"6":0,"7":0},"f":{"0":0,"1":0,"2":0},"b":{"0":[0,0]},"_coverageSchema":"1a1c01bbd47fc00a2c39e90264f33305004495a9","hash":"ecdc74f5390c73c7b3feb2b7e58932ca28926e10"}
,"/Users/adamblomberg/xbox-fec/src/RatingsAndReviews/ReviewList.jsx": {"path":"/Users/adamblomberg/xbox-fec/src/RatingsAndReviews/ReviewList.jsx","statementMap":{"0":{"start":{"line":4,"column":19},"end":{"line":12,"column":1}},"1":{"start":{"line":7,"column":2},"end":{"line":11,"column":3}},"2":{"start":{"line":9,"column":37},"end":{"line":9,"column":78}}},"fnMap":{"0":{"name":"(anonymous_0)","decl":{"start":{"line":4,"column":19},"end":{"line":4,"column":20}},"loc":{"start":{"line":4,"column":37},"end":{"line":12,"column":1}},"line":4},"1":{"name":"(anonymous_1)","decl":{"start":{"line":9,"column":22},"end":{"line":9,"column":23}},"loc":{"start":{"line":9,"column":37},"end":{"line":9,"column":78}},"line":9}},"branchMap":{},"s":{"0":1,"1":1,"2":0},"f":{"0":1,"1":0},"b":{},"_coverageSchema":"1a1c01bbd47fc00a2c39e90264f33305004495a9","hash":"53599877d0433832b0c14ef8c8b8a3b0c8547980"}
,"/Users/adamblomberg/xbox-fec/src/RatingsAndReviews/Reviews.jsx": {"path":"/Users/adamblomberg/xbox-fec/src/RatingsAndReviews/Reviews.jsx","statementMap":{"0":{"start":{"line":5,"column":14},"end":{"line":5,"column":30}},"1":{"start":{"line":9,"column":16},"end":{"line":55,"column":1}},"2":{"start":{"line":10,"column":30},"end":{"line":10,"column":50}},"3":{"start":{"line":11,"column":28},"end":{"line":11,"column":39}},"4":{"start":{"line":12,"column":19},"end":{"line":12,"column":71}},"5":{"start":{"line":12,"column":45},"end":{"line":12,"column":64}},"6":{"start":{"line":14,"column":38},"end":{"line":14,"column":50}},"7":{"start":{"line":15,"column":19},"end":{"line":15,"column":42}},"8":{"start":{"line":17,"column":2},"end":{"line":33,"column":49}},"9":{"start":{"line":19,"column":4},"end":{"line":32,"column":37}},"10":{"start":{"line":26,"column":8},"end":{"line":26,"column":37}},"11":{"start":{"line":29,"column":8},"end":{"line":29,"column":28}},"12":{"start":{"line":30,"column":8},"end":{"line":30,"column":26}},"13":{"start":{"line":32,"column":20},"end":{"line":32,"column":36}},"14":{"start":{"line":36,"column":2},"end":{"line":54,"column":3}},"15":{"start":{"line":43,"column":10},"end":{"line":43,"column":29}},"16":{"start":{"line":44,"column":10},"end":{"line":48,"column":11}},"17":{"start":{"line":45,"column":12},"end":{"line":45,"column":24}},"18":{"start":{"line":47,"column":12},"end":{"line":47,"column":24}}},"fnMap":{"0":{"name":"(anonymous_0)","decl":{"start":{"line":9,"column":16},"end":{"line":9,"column":17}},"loc":{"start":{"line":9,"column":27},"end":{"line":55,"column":1}},"line":9},"1":{"name":"(anonymous_1)","decl":{"start":{"line":12,"column":31},"end":{"line":12,"column":32}},"loc":{"start":{"line":12,"column":43},"end":{"line":12,"column":66}},"line":12},"2":{"name":"(anonymous_2)","decl":{"start":{"line":17,"column":12},"end":{"line":17,"column":13}},"loc":{"start":{"line":17,"column":18},"end":{"line":33,"column":3}},"line":17},"3":{"name":"(anonymous_3)","decl":{"start":{"line":25,"column":12},"end":{"line":25,"column":13}},"loc":{"start":{"line":25,"column":24},"end":{"line":27,"column":7}},"line":25},"4":{"name":"(anonymous_4)","decl":{"start":{"line":28,"column":12},"end":{"line":28,"column":13}},"loc":{"start":{"line":28,"column":20},"end":{"line":31,"column":7}},"line":28},"5":{"name":"(anonymous_5)","decl":{"start":{"line":32,"column":13},"end":{"line":32,"column":14}},"loc":{"start":{"line":32,"column":20},"end":{"line":32,"column":36}},"line":32},"6":{"name":"(anonymous_6)","decl":{"start":{"line":42,"column":67},"end":{"line":42,"column":68}},"loc":{"start":{"line":42,"column":73},"end":{"line":49,"column":9}},"line":42}},"branchMap":{"0":{"loc":{"start":{"line":44,"column":10},"end":{"line":48,"column":11}},"type":"if","locations":[{"start":{"line":44,"column":10},"end":{"line":48,"column":11}},{"start":{"line":46,"column":17},"end":{"line":48,"column":11}}],"line":44}},"s":{"0":1,"1":1,"2":1,"3":1,"4":1,"5":1,"6":1,"7":1,"8":1,"9":1,"10":0,"11":0,"12":0,"13":0,"14":1,"15":0,"16":0,"17":0,"18":0},"f":{"0":1,"1":1,"2":1,"3":0,"4":0,"5":0,"6":0},"b":{"0":[0,0]},"_coverageSchema":"1a1c01bbd47fc00a2c39e90264f33305004495a9","hash":"06da992c57e470b2973589786a6ac943cdfc96ac"}
,"/Users/adamblomberg/xbox-fec/src/RatingsAndReviews/starRating.jsx": {"path":"/Users/adamblomberg/xbox-fec/src/RatingsAndReviews/starRating.jsx","statementMap":{"0":{"start":{"line":4,"column":19},"end":{"line":26,"column":1}},"1":{"start":{"line":5,"column":30},"end":{"line":5,"column":41}},"2":{"start":{"line":6,"column":2},"end":{"line":9,"column":15}},"3":{"start":{"line":8,"column":4},"end":{"line":8,"column":28}},"4":{"start":{"line":10,"column":2},"end":{"line":25,"column":4}},"5":{"start":{"line":13,"column":8},"end":{"line":13,"column":19}},"6":{"start":{"line":14,"column":8},"end":{"line":22,"column":10}}},"fnMap":{"0":{"name":"(anonymous_0)","decl":{"start":{"line":4,"column":19},"end":{"line":4,"column":20}},"loc":{"start":{"line":4,"column":30},"end":{"line":26,"column":1}},"line":4},"1":{"name":"(anonymous_1)","decl":{"start":{"line":6,"column":12},"end":{"line":6,"column":13}},"loc":{"start":{"line":6,"column":18},"end":{"line":9,"column":3}},"line":6},"2":{"name":"(anonymous_2)","decl":{"start":{"line":12,"column":25},"end":{"line":12,"column":26}},"loc":{"start":{"line":12,"column":42},"end":{"line":23,"column":7}},"line":12}},"branchMap":{"0":{"loc":{"start":{"line":18,"column":23},"end":{"line":18,"column":53}},"type":"cond-expr","locations":[{"start":{"line":18,"column":41},"end":{"line":18,"column":45}},{"start":{"line":18,"column":48},"end":{"line":18,"column":53}}],"line":18}},"s":{"0":1,"1":0,"2":0,"3":0,"4":0,"5":0,"6":0},"f":{"0":0,"1":0,"2":0},"b":{"0":[0,0]},"_coverageSchema":"1a1c01bbd47fc00a2c39e90264f33305004495a9","hash":"d41a932922764dc3ce30e935c61a0f73a9098f75"}
,"/Users/adamblomberg/xbox-fec/src/RelatedItems/RelatedProductsList.jsx": {"path":"/Users/adamblomberg/xbox-fec/src/RelatedItems/RelatedProductsList.jsx","statementMap":{"0":{"start":{"line":3,"column":28},"end":{"line":7,"column":1}},"1":{"start":{"line":4,"column":2},"end":{"line":6,"column":3}}},"fnMap":{"0":{"name":"(anonymous_0)","decl":{"start":{"line":3,"column":28},"end":{"line":3,"column":29}},"loc":{"start":{"line":3,"column":39},"end":{"line":7,"column":1}},"line":3}},"branchMap":{},"s":{"0":1,"1":0},"f":{"0":0},"b":{},"_coverageSchema":"1a1c01bbd47fc00a2c39e90264f33305004495a9","hash":"0a2f1cb43acf3340298445caf49d7afb59c79f6d"}
}
