{"/Users/jsalinas/Desktop/FEC Project/xbox-fec/src/Q&A/CurrentAnswer.jsx": {"path":"/Users/jsalinas/Desktop/FEC Project/xbox-fec/src/Q&A/CurrentAnswer.jsx","statementMap":{"0":{"start":{"line":2,"column":14},"end":{"line":2,"column":30}},"1":{"start":{"line":5,"column":22},"end":{"line":28,"column":1}},"2":{"start":{"line":6,"column":34},"end":{"line":6,"column":66}},"3":{"start":{"line":7,"column":40},"end":{"line":7,"column":74}},"4":{"start":{"line":9,"column":12},"end":{"line":9,"column":35}},"5":{"start":{"line":11,"column":31},"end":{"line":20,"column":3}},"6":{"start":{"line":12,"column":25},"end":{"line":12,"column":68}},"7":{"start":{"line":13,"column":4},"end":{"line":19,"column":8}},"8":{"start":{"line":15,"column":8},"end":{"line":15,"column":48}},"9":{"start":{"line":18,"column":8},"end":{"line":18,"column":24}},"10":{"start":{"line":22,"column":2},"end":{"line":27,"column":3}}},"fnMap":{"0":{"name":"(anonymous_0)","decl":{"start":{"line":5,"column":22},"end":{"line":5,"column":23}},"loc":{"start":{"line":5,"column":33},"end":{"line":28,"column":1}},"line":5},"1":{"name":"(anonymous_1)","decl":{"start":{"line":11,"column":31},"end":{"line":11,"column":32}},"loc":{"start":{"line":11,"column":37},"end":{"line":20,"column":3}},"line":11},"2":{"name":"(anonymous_2)","decl":{"start":{"line":14,"column":12},"end":{"line":14,"column":13}},"loc":{"start":{"line":14,"column":18},"end":{"line":16,"column":7}},"line":14},"3":{"name":"(anonymous_3)","decl":{"start":{"line":17,"column":13},"end":{"line":17,"column":14}},"loc":{"start":{"line":17,"column":20},"end":{"line":19,"column":7}},"line":17}},"branchMap":{},"s":{"0":1,"1":1,"2":1,"3":1,"4":1,"5":1,"6":0,"7":0,"8":0,"9":0,"10":1},"f":{"0":1,"1":0,"2":0,"3":0},"b":{},"_coverageSchema":"1a1c01bbd47fc00a2c39e90264f33305004495a9","hash":"414630713eee12125dc4b823f7d7a5abd5f8366e"}
,"/Users/jsalinas/Desktop/FEC Project/xbox-fec/src/Q&A/CurrentQuestion.jsx": {"path":"/Users/jsalinas/Desktop/FEC Project/xbox-fec/src/Q&A/CurrentQuestion.jsx","statementMap":{"0":{"start":{"line":5,"column":14},"end":{"line":5,"column":30}},"1":{"start":{"line":7,"column":24},"end":{"line":158,"column":1}},"2":{"start":{"line":8,"column":38},"end":{"line":8,"column":74}},"3":{"start":{"line":9,"column":26},"end":{"line":9,"column":37}},"4":{"start":{"line":10,"column":56},"end":{"line":10,"column":68}},"5":{"start":{"line":11,"column":40},"end":{"line":11,"column":52}},"6":{"start":{"line":12,"column":57},"end":{"line":12,"column":102}},"7":{"start":{"line":13,"column":26},"end":{"line":13,"column":41}},"8":{"start":{"line":14,"column":46},"end":{"line":14,"column":58}},"9":{"start":{"line":15,"column":50},"end":{"line":15,"column":62}},"10":{"start":{"line":16,"column":44},"end":{"line":16,"column":56}},"11":{"start":{"line":17,"column":30},"end":{"line":17,"column":42}},"12":{"start":{"line":19,"column":12},"end":{"line":19,"column":35}},"13":{"start":{"line":21,"column":2},"end":{"line":40,"column":8}},"14":{"start":{"line":22,"column":4},"end":{"line":39,"column":8}},"15":{"start":{"line":24,"column":25},"end":{"line":24,"column":27}},"16":{"start":{"line":25,"column":21},"end":{"line":25,"column":23}},"17":{"start":{"line":26,"column":8},"end":{"line":32,"column":10}},"18":{"start":{"line":27,"column":10},"end":{"line":31,"column":11}},"19":{"start":{"line":28,"column":12},"end":{"line":28,"column":30}},"20":{"start":{"line":30,"column":12},"end":{"line":30,"column":26}},"21":{"start":{"line":33,"column":8},"end":{"line":33,"column":40}},"22":{"start":{"line":34,"column":8},"end":{"line":34,"column":28}},"23":{"start":{"line":35,"column":8},"end":{"line":35,"column":18}},"24":{"start":{"line":38,"column":8},"end":{"line":38,"column":24}},"25":{"start":{"line":42,"column":28},"end":{"line":49,"column":3}},"26":{"start":{"line":43,"column":4},"end":{"line":43,"column":70}},"27":{"start":{"line":44,"column":4},"end":{"line":48,"column":8}},"28":{"start":{"line":46,"column":8},"end":{"line":46,"column":45}},"29":{"start":{"line":47,"column":8},"end":{"line":47,"column":25}},"30":{"start":{"line":51,"column":26},"end":{"line":60,"column":3}},"31":{"start":{"line":52,"column":25},"end":{"line":52,"column":88}},"32":{"start":{"line":53,"column":4},"end":{"line":59,"column":8}},"33":{"start":{"line":55,"column":8},"end":{"line":55,"column":65}},"34":{"start":{"line":58,"column":8},"end":{"line":58,"column":24}},"35":{"start":{"line":62,"column":21},"end":{"line":64,"column":3}},"36":{"start":{"line":63,"column":4},"end":{"line":63,"column":18}},"37":{"start":{"line":66,"column":22},"end":{"line":68,"column":3}},"38":{"start":{"line":67,"column":4},"end":{"line":67,"column":19}},"39":{"start":{"line":70,"column":29},"end":{"line":72,"column":3}},"40":{"start":{"line":71,"column":4},"end":{"line":71,"column":41}},"41":{"start":{"line":74,"column":39},"end":{"line":76,"column":3}},"42":{"start":{"line":75,"column":4},"end":{"line":75,"column":43}},"43":{"start":{"line":78,"column":36},"end":{"line":80,"column":3}},"44":{"start":{"line":79,"column":4},"end":{"line":79,"column":40}},"45":{"start":{"line":82,"column":23},"end":{"line":101,"column":3}},"46":{"start":{"line":83,"column":4},"end":{"line":83,"column":27}},"47":{"start":{"line":84,"column":22},"end":{"line":89,"column":5}},"48":{"start":{"line":91,"column":4},"end":{"line":100,"column":6}},"49":{"start":{"line":93,"column":6},"end":{"line":93,"column":27}},"50":{"start":{"line":94,"column":6},"end":{"line":94,"column":29}},"51":{"start":{"line":95,"column":6},"end":{"line":95,"column":26}},"52":{"start":{"line":96,"column":6},"end":{"line":96,"column":19}},"53":{"start":{"line":99,"column":6},"end":{"line":99,"column":22}},"54":{"start":{"line":103,"column":2},"end":{"line":157,"column":3}},"55":{"start":{"line":117,"column":14},"end":{"line":117,"column":76}}},"fnMap":{"0":{"name":"(anonymous_0)","decl":{"start":{"line":7,"column":24},"end":{"line":7,"column":25}},"loc":{"start":{"line":7,"column":35},"end":{"line":158,"column":1}},"line":7},"1":{"name":"(anonymous_1)","decl":{"start":{"line":21,"column":12},"end":{"line":21,"column":13}},"loc":{"start":{"line":21,"column":18},"end":{"line":40,"column":3}},"line":21},"2":{"name":"(anonymous_2)","decl":{"start":{"line":23,"column":12},"end":{"line":23,"column":13}},"loc":{"start":{"line":23,"column":24},"end":{"line":36,"column":7}},"line":23},"3":{"name":"(anonymous_3)","decl":{"start":{"line":26,"column":38},"end":{"line":26,"column":39}},"loc":{"start":{"line":26,"column":53},"end":{"line":32,"column":9}},"line":26},"4":{"name":"(anonymous_4)","decl":{"start":{"line":37,"column":13},"end":{"line":37,"column":14}},"loc":{"start":{"line":37,"column":20},"end":{"line":39,"column":7}},"line":37},"5":{"name":"(anonymous_5)","decl":{"start":{"line":42,"column":28},"end":{"line":42,"column":29}},"loc":{"start":{"line":42,"column":34},"end":{"line":49,"column":3}},"line":42},"6":{"name":"(anonymous_6)","decl":{"start":{"line":45,"column":12},"end":{"line":45,"column":13}},"loc":{"start":{"line":45,"column":24},"end":{"line":48,"column":7}},"line":45},"7":{"name":"(anonymous_7)","decl":{"start":{"line":51,"column":26},"end":{"line":51,"column":27}},"loc":{"start":{"line":51,"column":32},"end":{"line":60,"column":3}},"line":51},"8":{"name":"(anonymous_8)","decl":{"start":{"line":54,"column":12},"end":{"line":54,"column":13}},"loc":{"start":{"line":54,"column":18},"end":{"line":56,"column":7}},"line":54},"9":{"name":"(anonymous_9)","decl":{"start":{"line":57,"column":13},"end":{"line":57,"column":14}},"loc":{"start":{"line":57,"column":20},"end":{"line":59,"column":7}},"line":57},"10":{"name":"(anonymous_10)","decl":{"start":{"line":62,"column":21},"end":{"line":62,"column":22}},"loc":{"start":{"line":62,"column":27},"end":{"line":64,"column":3}},"line":62},"11":{"name":"(anonymous_11)","decl":{"start":{"line":66,"column":22},"end":{"line":66,"column":23}},"loc":{"start":{"line":66,"column":28},"end":{"line":68,"column":3}},"line":66},"12":{"name":"(anonymous_12)","decl":{"start":{"line":70,"column":29},"end":{"line":70,"column":30}},"loc":{"start":{"line":70,"column":40},"end":{"line":72,"column":3}},"line":70},"13":{"name":"(anonymous_13)","decl":{"start":{"line":74,"column":39},"end":{"line":74,"column":40}},"loc":{"start":{"line":74,"column":50},"end":{"line":76,"column":3}},"line":74},"14":{"name":"(anonymous_14)","decl":{"start":{"line":78,"column":36},"end":{"line":78,"column":37}},"loc":{"start":{"line":78,"column":47},"end":{"line":80,"column":3}},"line":78},"15":{"name":"(anonymous_15)","decl":{"start":{"line":82,"column":23},"end":{"line":82,"column":24}},"loc":{"start":{"line":82,"column":34},"end":{"line":101,"column":3}},"line":82},"16":{"name":"(anonymous_16)","decl":{"start":{"line":92,"column":10},"end":{"line":92,"column":11}},"loc":{"start":{"line":92,"column":22},"end":{"line":97,"column":5}},"line":92},"17":{"name":"(anonymous_17)","decl":{"start":{"line":98,"column":11},"end":{"line":98,"column":12}},"loc":{"start":{"line":98,"column":18},"end":{"line":100,"column":5}},"line":98},"18":{"name":"(anonymous_18)","decl":{"start":{"line":116,"column":37},"end":{"line":116,"column":38}},"loc":{"start":{"line":116,"column":49},"end":{"line":118,"column":13}},"line":116}},"branchMap":{"0":{"loc":{"start":{"line":27,"column":10},"end":{"line":31,"column":11}},"type":"if","locations":[{"start":{"line":27,"column":10},"end":{"line":31,"column":11}},{"start":{"line":29,"column":17},"end":{"line":31,"column":11}}],"line":27},"1":{"loc":{"start":{"line":114,"column":11},"end":{"line":114,"column":74}},"type":"binary-expr","locations":[{"start":{"line":114,"column":11},"end":{"line":114,"column":41}},{"start":{"line":114,"column":45},"end":{"line":114,"column":74}}],"line":114},"2":{"loc":{"start":{"line":119,"column":13},"end":{"line":119,"column":131}},"type":"binary-expr","locations":[{"start":{"line":119,"column":13},"end":{"line":119,"column":35}},{"start":{"line":119,"column":39},"end":{"line":119,"column":131}}],"line":119}},"s":{"0":1,"1":1,"2":2,"3":1,"4":1,"5":1,"6":1,"7":1,"8":1,"9":1,"10":1,"11":1,"12":1,"13":1,"14":1,"15":0,"16":0,"17":0,"18":0,"19":0,"20":0,"21":0,"22":0,"23":0,"24":0,"25":1,"26":0,"27":0,"28":0,"29":0,"30":1,"31":0,"32":0,"33":0,"34":0,"35":1,"36":0,"37":1,"38":0,"39":1,"40":0,"41":1,"42":0,"43":1,"44":0,"45":1,"46":0,"47":0,"48":0,"49":0,"50":0,"51":0,"52":0,"53":0,"54":1,"55":0},"f":{"0":2,"1":1,"2":0,"3":0,"4":0,"5":0,"6":0,"7":0,"8":0,"9":0,"10":0,"11":0,"12":0,"13":0,"14":0,"15":0,"16":0,"17":0,"18":0},"b":{"0":[0,0],"1":[1,0],"2":[1,0]},"_coverageSchema":"1a1c01bbd47fc00a2c39e90264f33305004495a9","hash":"62232364f50b834208ebcb61fb35285c80524155"}
,"/Users/jsalinas/Desktop/FEC Project/xbox-fec/src/Q&A/QuestionsList.jsx": {"path":"/Users/jsalinas/Desktop/FEC Project/xbox-fec/src/Q&A/QuestionsList.jsx","statementMap":{"0":{"start":{"line":6,"column":14},"end":{"line":6,"column":30}},"1":{"start":{"line":8,"column":22},"end":{"line":178,"column":1}},"2":{"start":{"line":9,"column":22},"end":{"line":9,"column":37}},"3":{"start":{"line":10,"column":40},"end":{"line":10,"column":50}},"4":{"start":{"line":11,"column":26},"end":{"line":11,"column":37}},"5":{"start":{"line":12,"column":60},"end":{"line":12,"column":72}},"6":{"start":{"line":13,"column":44},"end":{"line":13,"column":56}},"7":{"start":{"line":14,"column":52},"end":{"line":14,"column":64}},"8":{"start":{"line":15,"column":26},"end":{"line":15,"column":41}},"9":{"start":{"line":16,"column":34},"end":{"line":16,"column":46}},"10":{"start":{"line":17,"column":34},"end":{"line":17,"column":46}},"11":{"start":{"line":18,"column":28},"end":{"line":18,"column":40}},"12":{"start":{"line":19,"column":38},"end":{"line":19,"column":50}},"13":{"start":{"line":20,"column":48},"end":{"line":20,"column":63}},"14":{"start":{"line":21,"column":66},"end":{"line":21,"column":78}},"15":{"start":{"line":23,"column":12},"end":{"line":23,"column":35}},"16":{"start":{"line":25,"column":2},"end":{"line":33,"column":8}},"17":{"start":{"line":26,"column":4},"end":{"line":32,"column":8}},"18":{"start":{"line":28,"column":8},"end":{"line":28,"column":42}},"19":{"start":{"line":31,"column":8},"end":{"line":31,"column":24}},"20":{"start":{"line":35,"column":2},"end":{"line":54,"column":8}},"21":{"start":{"line":36,"column":4},"end":{"line":53,"column":8}},"22":{"start":{"line":38,"column":26},"end":{"line":38,"column":28}},"23":{"start":{"line":39,"column":21},"end":{"line":39,"column":23}},"24":{"start":{"line":40,"column":8},"end":{"line":46,"column":10}},"25":{"start":{"line":41,"column":10},"end":{"line":45,"column":11}},"26":{"start":{"line":42,"column":12},"end":{"line":42,"column":31}},"27":{"start":{"line":44,"column":12},"end":{"line":44,"column":26}},"28":{"start":{"line":47,"column":8},"end":{"line":47,"column":43}},"29":{"start":{"line":48,"column":8},"end":{"line":48,"column":30}},"30":{"start":{"line":49,"column":8},"end":{"line":49,"column":18}},"31":{"start":{"line":52,"column":8},"end":{"line":52,"column":24}},"32":{"start":{"line":56,"column":2},"end":{"line":64,"column":8}},"33":{"start":{"line":57,"column":4},"end":{"line":63,"column":8}},"34":{"start":{"line":59,"column":8},"end":{"line":59,"column":51}},"35":{"start":{"line":62,"column":8},"end":{"line":62,"column":24}},"36":{"start":{"line":66,"column":30},"end":{"line":73,"column":3}},"37":{"start":{"line":67,"column":4},"end":{"line":67,"column":76}},"38":{"start":{"line":68,"column":4},"end":{"line":72,"column":8}},"39":{"start":{"line":70,"column":8},"end":{"line":70,"column":47}},"40":{"start":{"line":71,"column":8},"end":{"line":71,"column":25}},"41":{"start":{"line":75,"column":21},"end":{"line":77,"column":3}},"42":{"start":{"line":76,"column":4},"end":{"line":76,"column":18}},"43":{"start":{"line":79,"column":22},"end":{"line":81,"column":3}},"44":{"start":{"line":80,"column":4},"end":{"line":80,"column":19}},"45":{"start":{"line":83,"column":31},"end":{"line":85,"column":3}},"46":{"start":{"line":84,"column":4},"end":{"line":84,"column":35}},"47":{"start":{"line":87,"column":31},"end":{"line":89,"column":3}},"48":{"start":{"line":88,"column":4},"end":{"line":88,"column":35}},"49":{"start":{"line":91,"column":28},"end":{"line":93,"column":3}},"50":{"start":{"line":92,"column":4},"end":{"line":92,"column":32}},"51":{"start":{"line":95,"column":29},"end":{"line":108,"column":3}},"52":{"start":{"line":96,"column":17},"end":{"line":96,"column":35}},"53":{"start":{"line":97,"column":4},"end":{"line":97,"column":23}},"54":{"start":{"line":99,"column":4},"end":{"line":107,"column":5}},"55":{"start":{"line":100,"column":6},"end":{"line":100,"column":30}},"56":{"start":{"line":101,"column":32},"end":{"line":103,"column":7}},"57":{"start":{"line":102,"column":8},"end":{"line":102,"column":73}},"58":{"start":{"line":104,"column":6},"end":{"line":104,"column":52}},"59":{"start":{"line":106,"column":6},"end":{"line":106,"column":31}},"60":{"start":{"line":110,"column":25},"end":{"line":128,"column":3}},"61":{"start":{"line":111,"column":4},"end":{"line":111,"column":27}},"62":{"start":{"line":112,"column":24},"end":{"line":117,"column":5}},"63":{"start":{"line":119,"column":4},"end":{"line":127,"column":6}},"64":{"start":{"line":121,"column":6},"end":{"line":121,"column":21}},"65":{"start":{"line":122,"column":6},"end":{"line":122,"column":21}},"66":{"start":{"line":123,"column":6},"end":{"line":123,"column":18}},"67":{"start":{"line":126,"column":6},"end":{"line":126,"column":22}},"68":{"start":{"line":130,"column":2},"end":{"line":177,"column":3}},"69":{"start":{"line":137,"column":12},"end":{"line":137,"column":110}},"70":{"start":{"line":139,"column":10},"end":{"line":139,"column":108}}},"fnMap":{"0":{"name":"(anonymous_0)","decl":{"start":{"line":8,"column":22},"end":{"line":8,"column":23}},"loc":{"start":{"line":8,"column":33},"end":{"line":178,"column":1}},"line":8},"1":{"name":"(anonymous_1)","decl":{"start":{"line":25,"column":12},"end":{"line":25,"column":13}},"loc":{"start":{"line":25,"column":18},"end":{"line":33,"column":3}},"line":25},"2":{"name":"(anonymous_2)","decl":{"start":{"line":27,"column":12},"end":{"line":27,"column":13}},"loc":{"start":{"line":27,"column":24},"end":{"line":29,"column":7}},"line":27},"3":{"name":"(anonymous_3)","decl":{"start":{"line":30,"column":13},"end":{"line":30,"column":14}},"loc":{"start":{"line":30,"column":20},"end":{"line":32,"column":7}},"line":30},"4":{"name":"(anonymous_4)","decl":{"start":{"line":35,"column":12},"end":{"line":35,"column":13}},"loc":{"start":{"line":35,"column":18},"end":{"line":54,"column":3}},"line":35},"5":{"name":"(anonymous_5)","decl":{"start":{"line":37,"column":12},"end":{"line":37,"column":13}},"loc":{"start":{"line":37,"column":24},"end":{"line":50,"column":7}},"line":37},"6":{"name":"(anonymous_6)","decl":{"start":{"line":40,"column":38},"end":{"line":40,"column":39}},"loc":{"start":{"line":40,"column":53},"end":{"line":46,"column":9}},"line":40},"7":{"name":"(anonymous_7)","decl":{"start":{"line":51,"column":13},"end":{"line":51,"column":14}},"loc":{"start":{"line":51,"column":20},"end":{"line":53,"column":7}},"line":51},"8":{"name":"(anonymous_8)","decl":{"start":{"line":56,"column":12},"end":{"line":56,"column":13}},"loc":{"start":{"line":56,"column":18},"end":{"line":64,"column":3}},"line":56},"9":{"name":"(anonymous_9)","decl":{"start":{"line":58,"column":12},"end":{"line":58,"column":13}},"loc":{"start":{"line":58,"column":24},"end":{"line":60,"column":7}},"line":58},"10":{"name":"(anonymous_10)","decl":{"start":{"line":61,"column":13},"end":{"line":61,"column":14}},"loc":{"start":{"line":61,"column":20},"end":{"line":63,"column":7}},"line":61},"11":{"name":"(anonymous_11)","decl":{"start":{"line":66,"column":30},"end":{"line":66,"column":31}},"loc":{"start":{"line":66,"column":36},"end":{"line":73,"column":3}},"line":66},"12":{"name":"(anonymous_12)","decl":{"start":{"line":69,"column":12},"end":{"line":69,"column":13}},"loc":{"start":{"line":69,"column":24},"end":{"line":72,"column":7}},"line":69},"13":{"name":"(anonymous_13)","decl":{"start":{"line":75,"column":21},"end":{"line":75,"column":22}},"loc":{"start":{"line":75,"column":27},"end":{"line":77,"column":3}},"line":75},"14":{"name":"(anonymous_14)","decl":{"start":{"line":79,"column":22},"end":{"line":79,"column":23}},"loc":{"start":{"line":79,"column":28},"end":{"line":81,"column":3}},"line":79},"15":{"name":"(anonymous_15)","decl":{"start":{"line":83,"column":31},"end":{"line":83,"column":32}},"loc":{"start":{"line":83,"column":42},"end":{"line":85,"column":3}},"line":83},"16":{"name":"(anonymous_16)","decl":{"start":{"line":87,"column":31},"end":{"line":87,"column":32}},"loc":{"start":{"line":87,"column":42},"end":{"line":89,"column":3}},"line":87},"17":{"name":"(anonymous_17)","decl":{"start":{"line":91,"column":28},"end":{"line":91,"column":29}},"loc":{"start":{"line":91,"column":39},"end":{"line":93,"column":3}},"line":91},"18":{"name":"(anonymous_18)","decl":{"start":{"line":95,"column":29},"end":{"line":95,"column":30}},"loc":{"start":{"line":95,"column":40},"end":{"line":108,"column":3}},"line":95},"19":{"name":"(anonymous_19)","decl":{"start":{"line":101,"column":57},"end":{"line":101,"column":58}},"loc":{"start":{"line":102,"column":8},"end":{"line":102,"column":73}},"line":102},"20":{"name":"(anonymous_20)","decl":{"start":{"line":110,"column":25},"end":{"line":110,"column":26}},"loc":{"start":{"line":110,"column":36},"end":{"line":128,"column":3}},"line":110},"21":{"name":"(anonymous_21)","decl":{"start":{"line":120,"column":10},"end":{"line":120,"column":11}},"loc":{"start":{"line":120,"column":22},"end":{"line":124,"column":5}},"line":120},"22":{"name":"(anonymous_22)","decl":{"start":{"line":125,"column":11},"end":{"line":125,"column":12}},"loc":{"start":{"line":125,"column":18},"end":{"line":127,"column":5}},"line":125},"23":{"name":"(anonymous_23)","decl":{"start":{"line":136,"column":39},"end":{"line":136,"column":40}},"loc":{"start":{"line":136,"column":53},"end":{"line":138,"column":11}},"line":136},"24":{"name":"(anonymous_24)","decl":{"start":{"line":138,"column":41},"end":{"line":138,"column":42}},"loc":{"start":{"line":138,"column":55},"end":{"line":140,"column":9}},"line":138}},"branchMap":{"0":{"loc":{"start":{"line":41,"column":10},"end":{"line":45,"column":11}},"type":"if","locations":[{"start":{"line":41,"column":10},"end":{"line":45,"column":11}},{"start":{"line":43,"column":17},"end":{"line":45,"column":11}}],"line":41},"1":{"loc":{"start":{"line":99,"column":4},"end":{"line":107,"column":5}},"type":"if","locations":[{"start":{"line":99,"column":4},"end":{"line":107,"column":5}},{"start":{"line":105,"column":11},"end":{"line":107,"column":5}}],"line":99},"2":{"loc":{"start":{"line":135,"column":10},"end":{"line":140,"column":10}},"type":"cond-expr","locations":[{"start":{"line":136,"column":10},"end":{"line":138,"column":12}},{"start":{"line":138,"column":15},"end":{"line":140,"column":10}}],"line":135},"3":{"loc":{"start":{"line":141,"column":9},"end":{"line":141,"column":157}},"type":"binary-expr","locations":[{"start":{"line":141,"column":10},"end":{"line":141,"column":34}},{"start":{"line":141,"column":38},"end":{"line":141,"column":54}},{"start":{"line":141,"column":59},"end":{"line":141,"column":157}}],"line":141}},"s":{"0":1,"1":1,"2":1,"3":1,"4":1,"5":1,"6":1,"7":1,"8":1,"9":1,"10":1,"11":1,"12":1,"13":1,"14":1,"15":1,"16":1,"17":1,"18":0,"19":0,"20":1,"21":1,"22":0,"23":0,"24":0,"25":0,"26":0,"27":0,"28":0,"29":0,"30":0,"31":0,"32":1,"33":1,"34":0,"35":0,"36":1,"37":0,"38":0,"39":0,"40":0,"41":1,"42":0,"43":1,"44":0,"45":1,"46":0,"47":1,"48":0,"49":1,"50":0,"51":1,"52":0,"53":0,"54":0,"55":0,"56":0,"57":0,"58":0,"59":0,"60":1,"61":0,"62":0,"63":0,"64":0,"65":0,"66":0,"67":0,"68":1,"69":0,"70":0},"f":{"0":1,"1":1,"2":0,"3":0,"4":1,"5":0,"6":0,"7":0,"8":1,"9":0,"10":0,"11":0,"12":0,"13":0,"14":0,"15":0,"16":0,"17":0,"18":0,"19":0,"20":0,"21":0,"22":0,"23":0,"24":0},"b":{"0":[0,0],"1":[0,0],"2":[0,1],"3":[1,0,0]},"_coverageSchema":"1a1c01bbd47fc00a2c39e90264f33305004495a9","hash":"9be1f803bb2de99137eaa979d94514373e166bf2"}
,"/Users/jsalinas/Desktop/FEC Project/xbox-fec/src/Q&A/SearchQuestions.jsx": {"path":"/Users/jsalinas/Desktop/FEC Project/xbox-fec/src/Q&A/SearchQuestions.jsx","statementMap":{"0":{"start":{"line":6,"column":15},"end":{"line":8,"column":1}},"1":{"start":{"line":10,"column":24},"end":{"line":21,"column":1}},"2":{"start":{"line":11,"column":2},"end":{"line":20,"column":3}}},"fnMap":{"0":{"name":"(anonymous_0)","decl":{"start":{"line":10,"column":24},"end":{"line":10,"column":25}},"loc":{"start":{"line":10,"column":35},"end":{"line":21,"column":1}},"line":10}},"branchMap":{},"s":{"0":1,"1":1,"2":2},"f":{"0":2},"b":{},"_coverageSchema":"1a1c01bbd47fc00a2c39e90264f33305004495a9","hash":"658bd15dd21fd0602ed03cd461901931a677cae6"}
}

