TN:
SF:src/Q&A/CurrentAnswer.jsx
FN:5,(anonymous_0)
FNF:1
FNH:1
FNDA:1,(anonymous_0)
DA:2,1
DA:5,1
DA:6,1
LF:3
LH:3
BRF:0
BRH:0
end_of_record
TN:
SF:src/Q&A/CurrentQuestion.jsx
FN:5,(anonymous_0)
FN:13,(anonymous_1)
FN:15,(anonymous_2)
FN:18,(anonymous_3)
FN:29,(anonymous_4)
FN:34,(anonymous_5)
FN:37,(anonymous_6)
FN:55,(anonymous_7)
FNF:8
FNH:2
FNDA:1,(anonymous_0)
FNDA:1,(anonymous_1)
FNDA:0,(anonymous_2)
FNDA:0,(anonymous_3)
FNDA:0,(anonymous_4)
FNDA:0,(anonymous_5)
FNDA:0,(anonymous_6)
FNDA:0,(anonymous_7)
DA:3,1
DA:5,1
DA:6,1
DA:7,1
DA:8,1
DA:9,1
DA:11,1
DA:13,1
DA:14,1
DA:16,0
DA:17,0
DA:18,0
DA:19,0
DA:20,0
DA:22,0
DA:25,0
DA:26,0
DA:27,0
DA:30,0
DA:34,1
DA:35,0
DA:36,0
DA:38,0
DA:39,0
DA:43,1
DA:56,0
LF:26
LH:11
BRDA:19,0,0,0
BRDA:19,0,1,0
BRDA:58,1,0,1
BRDA:58,1,1,0
BRF:4
BRH:1
end_of_record
TN:
SF:src/Q&A/QuestionsList.jsx
FN:6,(anonymous_0)
FN:14,(anonymous_1)
FN:16,(anonymous_2)
FN:19,(anonymous_3)
FN:30,(anonymous_4)
FN:35,(anonymous_5)
FN:38,(anonymous_6)
FN:48,(anonymous_7)
FNF:8
FNH:2
FNDA:1,(anonymous_0)
FNDA:1,(anonymous_1)
FNDA:0,(anonymous_2)
FNDA:0,(anonymous_3)
FNDA:0,(anonymous_4)
FNDA:0,(anonymous_5)
FNDA:0,(anonymous_6)
FNDA:0,(anonymous_7)
DA:4,1
DA:6,1
DA:7,1
DA:8,1
DA:9,1
DA:10,1
DA:12,1
DA:14,1
DA:15,1
DA:17,0
DA:18,0
DA:19,0
DA:20,0
DA:21,0
DA:23,0
DA:26,0
DA:27,0
DA:28,0
DA:31,0
DA:35,1
DA:36,0
DA:37,0
DA:39,0
DA:40,0
DA:44,1
DA:49,0
LF:26
LH:11
BRDA:20,0,0,0
BRDA:20,0,1,0
BRDA:51,1,0,1
BRDA:51,1,1,0
BRF:4
BRH:1
end_of_record
TN:
SF:src/Q&A/SearchQuestions.jsx
FN:3,(anonymous_0)
FNF:1
FNH:1
FNDA:2,(anonymous_0)
DA:3,1
DA:4,2
LF:2
LH:2
BRF:0
BRH:0
end_of_record
